<?xml version="1.0" encoding="UTF-8"?>
<!-- Generated by org.testng.reporters.JUnitReportReporter -->
<testsuite hostname="reyhanehs-MacBook-Pro.local" failures="0" tests="1" name="IMDb.TopRatedMovies" time="36.655" errors="0" timestamp="2020-05-15T17:45:02 EEST" skipped="0">
  <testcase classname="IMDb.TopRatedMovies" name="TopRatedMoviesStartSaving" time="36.655"/>
  <system-out/>
</testsuite> <!-- IMDb.TopRatedMovies -->
